The system is: Windows - 10.0.19042 - AMD64
Compiling the C compiler identification source file "CMakeCCompilerId.c" succeeded.
Compiler: C:/Program Files (x86)/Microsoft Visual Studio/2019/Community/VC/Tools/MSVC/14.29.30037/bin/Hostx86/x86/cl.exe 
Build flags: 
Id flags:  

The output was:
0
Compilador de optimizaci贸n de C/C++ de Microsoft (R) versi贸n 19.29.30040 para x86
(C) Microsoft Corporation. Todos los derechos reservados.

CMakeCCompilerId.c
Microsoft (R) Incremental Linker Version 14.29.30040.0
Copyright (C) Microsoft Corporation.  All rights reserved.

/out:CMakeCCompilerId.exe 
CMakeCCompilerId.obj 


Compilation of the C compiler identification source "CMakeCCompilerId.c" produced "CMakeCCompilerId.exe"

Compilation of the C compiler identification source "CMakeCCompilerId.c" produced "CMakeCCompilerId.obj"

The C compiler identification is MSVC, found in "C:/Users/juana/Desktop/C++/cmake-build-debug/CMakeFiles/3.20.2/CompilerIdC/CMakeCCompilerId.exe"

Compiling the CXX compiler identification source file "CMakeCXXCompilerId.cpp" succeeded.
Compiler: C:/Program Files (x86)/Microsoft Visual Studio/2019/Community/VC/Tools/MSVC/14.29.30037/bin/Hostx86/x86/cl.exe 
Build flags: 
Id flags:  

The output was:
0
Compilador de optimizaci贸n de C/C++ de Microsoft (R) versi贸n 19.29.30040 para x86
(C) Microsoft Corporation. Todos los derechos reservados.

CMakeCXXCompilerId.cpp
Microsoft (R) Incremental Linker Version 14.29.30040.0
Copyright (C) Microsoft Corporation.  All rights reserved.

/out:CMakeCXXCompilerId.exe 
CMakeCXXCompilerId.obj 


Compilation of the CXX compiler identification source "CMakeCXXCompilerId.cpp" produced "CMakeCXXCompilerId.exe"

Compilation of the CXX compiler identification source "CMakeCXXCompilerId.cpp" produced "CMakeCXXCompilerId.obj"

The CXX compiler identification is MSVC, found in "C:/Users/juana/Desktop/C++/cmake-build-debug/CMakeFiles/3.20.2/CompilerIdCXX/CMakeCXXCompilerId.exe"

Detecting C compiler ABI info compiled with the following output:
Change Dir: C:/Users/juana/Desktop/C++/cmake-build-debug/CMakeFiles/CMakeTmp

Run Build Command(s):nmake -f Makefile /nologo cmTC_c421c\fast && 	"C:\Program Files (x86)\Microsoft Visual Studio\2019\Community\VC\Tools\MSVC\14.29.30037\bin\HostX86\x86\nmake.exe"  -f CMakeFiles\cmTC_c421c.dir\build.make /nologo -L                  CMakeFiles\cmTC_c421c.dir\build
Building C object CMakeFiles/cmTC_c421c.dir/CMakeCCompilerABI.c.obj
	C:\Users\juana\AppData\Local\JetBrains\Toolbox\apps\CLion\ch-0\212.4746.93\bin\cmake\win\bin\cmake.exe -E cmake_cl_compile_depends --dep-file=CMakeFiles\cmTC_c421c.dir\CMakeCCompilerABI.c.obj.d --working-dir=C:\Users\juana\Desktop\C++\cmake-build-debug\CMakeFiles\CMakeTmp --filter-prefix="" -- C:\PROGRA~2\MICROS~2\2019\COMMUN~1\VC\Tools\MSVC\1429~1.300\bin\Hostx86\x86\cl.exe @C:\Users\juana\AppData\Local\Temp\nmB14D.tmp
Linking C executable cmTC_c421c.exe
	C:\Users\juana\AppData\Local\JetBrains\Toolbox\apps\CLion\ch-0\212.4746.93\bin\cmake\win\bin\cmake.exe -E vs_link_exe --intdir=CMakeFiles\cmTC_c421c.dir --rc=C:\PROGRA~2\WI3CF2~1\10\bin\100190~1.0\x86\rc.exe --mt=C:\PROGRA~2\WI3CF2~1\10\bin\100190~1.0\x86\mt.exe --manifests -- C:\PROGRA~2\MICROS~2\2019\COMMUN~1\VC\Tools\MSVC\1429~1.300\bin\Hostx86\x86\link.exe /nologo @CMakeFiles\cmTC_c421c.dir\objects1.rsp @C:\Users\juana\AppData\Local\Temp\nmB1EB.tmp



Detecting CXX compiler ABI info compiled with the following output:
Change Dir: C:/Users/juana/Desktop/C++/cmake-build-debug/CMakeFiles/CMakeTmp

Run Build Command(s):nmake -f Makefile /nologo cmTC_03baf\fast && 	"C:\Program Files (x86)\Microsoft Visual Studio\2019\Community\VC\Tools\MSVC\14.29.30037\bin\HostX86\x86\nmake.exe"  -f CMakeFiles\cmTC_03baf.dir\build.make /nologo -L                  CMakeFiles\cmTC_03baf.dir\build
Building CXX object CMakeFiles/cmTC_03baf.dir/CMakeCXXCompilerABI.cpp.obj
	C:\Users\juana\AppData\Local\JetBrains\Toolbox\apps\CLion\ch-0\212.4746.93\bin\cmake\win\bin\cmake.exe -E cmake_cl_compile_depends --dep-file=CMakeFiles\cmTC_03baf.dir\CMakeCXXCompilerABI.cpp.obj.d --working-dir=C:\Users\juana\Desktop\C++\cmake-build-debug\CMakeFiles\CMakeTmp --filter-prefix="" -- C:\PROGRA~2\MICROS~2\2019\COMMUN~1\VC\Tools\MSVC\1429~1.300\bin\Hostx86\x86\cl.exe @C:\Users\juana\AppData\Local\Temp\nmBCF6.tmp
Linking CXX executable cmTC_03baf.exe
	C:\Users\juana\AppData\Local\JetBrains\Toolbox\apps\CLion\ch-0\212.4746.93\bin\cmake\win\bin\cmake.exe -E vs_link_exe --intdir=CMakeFiles\cmTC_03baf.dir --rc=C:\PROGRA~2\WI3CF2~1\10\bin\100190~1.0\x86\rc.exe --mt=C:\PROGRA~2\WI3CF2~1\10\bin\100190~1.0\x86\mt.exe --manifests -- C:\PROGRA~2\MICROS~2\2019\COMMUN~1\VC\Tools\MSVC\1429~1.300\bin\Hostx86\x86\link.exe /nologo @CMakeFiles\cmTC_03baf.dir\objects1.rsp @C:\Users\juana\AppData\Local\Temp\nmBD83.tmp



